<?xml version="1.0" encoding="UTF-8"?>
<testng-results ignored="0" total="3" passed="3" failed="0" skipped="0">
  <reporter-output>
  </reporter-output>
  <suite started-at="2019-06-20T02:21:33Z" name="Surefire suite" finished-at="2019-06-20T02:23:30Z" duration-ms="116648">
    <groups>
      <group name="cucumber">
        <method signature="AbstractTestNGCucumberTests.runScenario(cucumber.api.testng.PickleEventWrapper, cucumber.api.testng.CucumberFeatureWrapper)[pri:0, instance:cucumberOptions.TestRunnerInsuranceQuote@3e694b3f]" name="runScenario" class="cucumber.api.testng.AbstractTestNGCucumberTests"/>
      </group> <!-- cucumber -->
    </groups>
    <test started-at="2019-06-20T02:21:33Z" name="Surefire test" finished-at="2019-06-20T02:23:30Z" duration-ms="116648">
      <class name="cucumberOptions.TestRunnerInsuranceQuote">
        <test-method is-config="true" signature="setUpClass()[pri:0, instance:cucumberOptions.TestRunnerInsuranceQuote@3e694b3f]" started-at="2019-06-20T02:21:33Z" name="setUpClass" finished-at="2019-06-20T02:21:34Z" duration-ms="708" status="PASS">
          <reporter-output>
          </reporter-output>
        </test-method> <!-- setUpClass -->
        <test-method signature="runScenario(cucumber.api.testng.PickleEventWrapper, cucumber.api.testng.CucumberFeatureWrapper)[pri:0, instance:cucumberOptions.TestRunnerInsuranceQuote@3e694b3f]" started-at="2019-06-20T02:21:34Z" name="runScenario" description="Runs Cucumber Scenarios" data-provider="scenarios" finished-at="2019-06-20T02:23:13Z" duration-ms="99019" status="PASS">
          <params>
            <param index="0">
              <value>
                <![CDATA["User wants to generate an anonymous insurance quote"]]>
              </value>
            </param>
            <param index="1">
              <value>
                <![CDATA["Insurance Quote - User is wanting to acquire a green slip quote for"]]>
              </value>
            </param>
          </params>
          <reporter-output>
          </reporter-output>
        </test-method> <!-- runScenario -->
        <test-method signature="runScenario(cucumber.api.testng.PickleEventWrapper, cucumber.api.testng.CucumberFeatureWrapper)[pri:0, instance:cucumberOptions.TestRunnerInsuranceQuote@3e694b3f]" started-at="2019-06-20T02:21:34Z" name="runScenario" description="Runs Cucumber Scenarios" data-provider="scenarios" finished-at="2019-06-20T02:23:30Z" duration-ms="115712" status="PASS">
          <params>
            <param index="0">
              <value>
                <![CDATA["User wants to generate an anonymous insurance quote"]]>
              </value>
            </param>
            <param index="1">
              <value>
                <![CDATA["Insurance Quote - User is wanting to acquire a green slip quote for"]]>
              </value>
            </param>
          </params>
          <reporter-output>
          </reporter-output>
        </test-method> <!-- runScenario -->
        <test-method signature="runScenario(cucumber.api.testng.PickleEventWrapper, cucumber.api.testng.CucumberFeatureWrapper)[pri:0, instance:cucumberOptions.TestRunnerInsuranceQuote@3e694b3f]" started-at="2019-06-20T02:21:34Z" name="runScenario" description="Runs Cucumber Scenarios" data-provider="scenarios" finished-at="2019-06-20T02:23:27Z" duration-ms="113168" status="PASS">
          <params>
            <param index="0">
              <value>
                <![CDATA["User wants to generate an anonymous insurance quote"]]>
              </value>
            </param>
            <param index="1">
              <value>
                <![CDATA["Insurance Quote - User is wanting to acquire a green slip quote for"]]>
              </value>
            </param>
          </params>
          <reporter-output>
          </reporter-output>
        </test-method> <!-- runScenario -->
        <test-method is-config="true" signature="tearDownClass()[pri:0, instance:cucumberOptions.TestRunnerInsuranceQuote@3e694b3f]" started-at="2019-06-20T02:23:30Z" name="tearDownClass" finished-at="2019-06-20T02:23:30Z" duration-ms="12" status="PASS">
          <reporter-output>
          </reporter-output>
        </test-method> <!-- tearDownClass -->
      </class> <!-- cucumberOptions.TestRunnerInsuranceQuote -->
    </test> <!-- Surefire test -->
  </suite> <!-- Surefire suite -->
</testng-results>
